Arguments: 
  C:\Program Files\nodejs\node.exe C:\Users\Ell  Silva\AppData\Roaming\npm\node_modules\yarn\bin\yarn.js --v

PATH: 
  C:\Users\Ell  Silva\bin;C:\Program Files\Git\mingw64\bin;C:\Program Files\Git\usr\local\bin;C:\Program Files\Git\usr\bin;C:\Program Files\Git\usr\bin;C:\Program Files\Git\mingw64\bin;C:\Program Files\Git\usr\bin;C:\Users\Ell  Silva\bin;C:\Program Files\Common Files\Oracle\Java\javapath;C:\Program Files (x86)\Common Files\Oracle\Java\javapath;C:\Windows\system32;C:\Windows;C:\Windows\System32\Wbem;C:\Windows\System32\WindowsPowerShell\v1.0;C:\Windows\System32\OpenSSH;C:\Program Files\Git\cmd;C:\Program Files\nodejs;C:\Users\Ell  Silva\AppData\Local\Microsoft\WindowsApps;C:\Users\Ell  Silva\AppData\Roaming\npm;C:\Users\Ell  Silva\AppData\Local\Programs\Microsoft VS Code\bin;C:\Users\Ell  Silva\AppData\Local\Programs\Microsoft VS Code Insiders\bin;C:\Program Files\JetBrains\IntelliJ IDEA 2022.2.2\bin;C:\Program Files\JetBrains\IntelliJ IDEA Community Edition 2022.2.3\bin;C:\Program Files\Git\usr\bin\vendor_perl;C:\Program Files\Git\usr\bin\core_perl

Yarn version: 
  1.22.19

Node version: 
  16.17.0

Platform: 
  win32 x64

Trace: 
  SyntaxError: E:\PROJECTOS\Aditel\server\package.json: Unexpected token } in JSON at position 125
      at JSON.parse (<anonymous>)
      at C:\Users\Ell  Silva\AppData\Roaming\npm\node_modules\yarn\lib\cli.js:1629:59
      at Generator.next (<anonymous>)
      at step (C:\Users\Ell  Silva\AppData\Roaming\npm\node_modules\yarn\lib\cli.js:310:30)
      at C:\Users\Ell  Silva\AppData\Roaming\npm\node_modules\yarn\lib\cli.js:321:13

npm manifest: 
  {
    "dependencies": { 
      "express": "^4.18.2",
      "nodemailer": "^6.9.1"
    },
    "scripts": { 
      "start": "node src", 
    },
  }

yarn manifest: 
  No manifest

Lockfile: 
  No lockfile
